<?xml version="1.0" encoding="UTF-8"?>
<!-- Generated by org.testng.reporters.JUnitXMLReporter -->
<testsuite ignored="0" hostname="eps46-Epixel" failures="0" tests="4" name="Default test" time="13.315" errors="0" timestamp="2025-02-05T15:59:51 IST">
  <testcase classname="com.inergTest.TestClass" name="validateHomepageTitle" time="0.023"/>
  <testcase classname="com.inergTest.TestClass" name="lineChartrepersentation" time="3.933"/>
  <testcase classname="com.inergTest.TestClass" name="leafletClickable" time="2.776"/>
  <testcase classname="com.inergTest.TestClass" name="openStreet" time="6.541"/>
</testsuite> <!-- Default test -->
