<?xml version="1.0" encoding="UTF-8"?>
<testng-results ignored="0" total="4" passed="4" failed="0" skipped="0">
  <reporter-output>
  </reporter-output>
  <suite started-at="2025-02-05T15:59:38 IST" name="Default suite" finished-at="2025-02-05T15:59:51 IST" duration-ms="13315">
    <groups>
    </groups>
    <test started-at="2025-02-05T15:59:38 IST" name="Default test" finished-at="2025-02-05T15:59:51 IST" duration-ms="13315">
      <class name="com.inergTest.TestClass">
        <test-method is-config="true" signature="init()[pri:0, instance:com.inergTest.TestClass@3d74bf60]" started-at="2025-02-05T15:59:32 IST" name="init" finished-at="2025-02-05T15:59:38 IST" duration-ms="6162" status="PASS">
          <reporter-output>
          </reporter-output>
        </test-method> <!-- init -->
        <test-method signature="validateHomepageTitle()[pri:1, instance:com.inergTest.TestClass@3d74bf60]" started-at="2025-02-05T15:59:38 IST" name="validateHomepageTitle" finished-at="2025-02-05T15:59:38 IST" duration-ms="23" status="PASS">
          <reporter-output>
          </reporter-output>
        </test-method> <!-- validateHomepageTitle -->
        <test-method signature="lineChartrepersentation()[pri:2, instance:com.inergTest.TestClass@3d74bf60]" started-at="2025-02-05T15:59:38 IST" name="lineChartrepersentation" finished-at="2025-02-05T15:59:42 IST" duration-ms="3933" status="PASS">
          <reporter-output>
          </reporter-output>
        </test-method> <!-- lineChartrepersentation -->
        <test-method signature="leafletClickable()[pri:3, instance:com.inergTest.TestClass@3d74bf60]" started-at="2025-02-05T15:59:42 IST" name="leafletClickable" finished-at="2025-02-05T15:59:45 IST" duration-ms="2776" status="PASS">
          <reporter-output>
          </reporter-output>
        </test-method> <!-- leafletClickable -->
        <test-method signature="openStreet()[pri:4, instance:com.inergTest.TestClass@3d74bf60]" started-at="2025-02-05T15:59:45 IST" name="openStreet" finished-at="2025-02-05T15:59:51 IST" duration-ms="6541" status="PASS">
          <reporter-output>
          </reporter-output>
        </test-method> <!-- openStreet -->
        <test-method is-config="true" signature="tearDown()[pri:0, instance:com.inergTest.TestClass@3d74bf60]" started-at="2025-02-05T15:59:51 IST" name="tearDown" finished-at="2025-02-05T15:59:51 IST" duration-ms="160" status="PASS">
          <reporter-output>
          </reporter-output>
        </test-method> <!-- tearDown -->
      </class> <!-- com.inergTest.TestClass -->
    </test> <!-- Default test -->
  </suite> <!-- Default suite -->
</testng-results>
